<?xml version="1.0" encoding="UTF-8"?>
<!-- Generated by org.testng.reporters.JUnitXMLReporter -->
<testsuite hostname="DESKTOP-NO5P2B0" ignored="2" name="Default test" tests="2" failures="0" timestamp="08 Jun 2021 14:31:59 GMT" time="40.851" errors="0">
  <testcase name="LoginTest" time="6.95" classname="hrmtestcase.HrmTestcase"/>
  <testcase name="LoginTest1" time="1.445" classname="hrmtestcase.HrmTestcase"/>
  <testcase name="loginPageTitleTest" time="0.0" classname="hrmtestcase.HrmTestcase">
    <ignored/>
  </testcase> <!-- loginPageTitleTest -->
  <testcase name="imagetest" time="0.0" classname="hrmtestcase.HrmTestcase">
    <ignored/>
  </testcase> <!-- imagetest -->
</testsuite> <!-- Default test -->
