<?xml version="1.0" encoding="UTF-8"?>
<!-- Generated by org.testng.reporters.JUnitXMLReporter -->
<testsuite hostname="DESKTOP-NO5P2B0" ignored="2" name="Test" tests="2" failures="0" timestamp="12 Jun 2021 11:47:49 GMT" time="29.593" errors="0">
  <testcase name="LoginTest" time="5.345" classname="hrmtestcase.HrmTestcase"/>
  <testcase name="LoginTest1" time="1.634" classname="hrmtestcase.HrmTestcase"/>
  <testcase name="loginPageTitleTest" time="0.0" classname="hrmtestcase.HrmTestcase">
    <ignored/>
  </testcase> <!-- loginPageTitleTest -->
  <testcase name="imagetest" time="0.0" classname="hrmtestcase.HrmTestcase">
    <ignored/>
  </testcase> <!-- imagetest -->
</testsuite> <!-- Test -->
